{"message":"Will be logged in both transports!","level":"info"}
{"message":"What rolls down stairs","level":"info"}
{"message":"alone or in pairs,","level":"info"}
{"message":"and over your neighbors dog?","level":"info"}
{"message":"Whats great for a snack,","level":"warn"}
{"message":"And fits on your back?","level":"info"}
{"message":"Its log, log, log","level":"error"}
{"message":"Will be logged in both transports!","level":"info"}
{"message":"What rolls down stairs","level":"info"}
{"message":"alone or in pairs,","level":"info"}
{"message":"and over your neighbors dog?","level":"info"}
{"message":"Whats great for a snack,","level":"warn"}
{"message":"And fits on your back?","level":"info"}
{"message":"Its log, log, log","level":"error"}
{"message":"Its log, log, log","level":"error"}
{"message":"Will not be logged in either transport!","level":"info"}
{"message":"Will be logged in both transports!","level":"info"}
{"message":"What rolls down stairs","level":"info"}
{"message":"alone or in pairs,","level":"info"}
{"message":"and over your neighbors dog?","level":"info"}
{"message":"Whats great for a snack,","level":"warn"}
{"message":"And fits on your back?","level":"info"}
{"message":"Its log, log, log","level":"error"}
